2025-11-09 21:40:34 info: Congratulations, your extension "Embold" is now active!
2025-11-09 21:40:34 info: ************* init ****************
2025-11-09 21:40:34 info: tempDirectory : c:\Users\Keshav Mandal\.vscode\extensions\embold-vscode.embold-0.3.1\temp
2025-11-09 21:40:44 info: Extraction complete for source: c:\Users\Keshav Mandal\.vscode\extensions\embold-vscode.embold-0.3.1\resources\embold-scanner-archive.zip, destination: c:\Users\Keshav Mandal\.vscode\extensions\embold-vscode.embold-0.3.1\temp
2025-11-09 21:40:44 info: Extension installed on machine OS : win32
2025-11-09 21:40:44 info: Fetched the issues from DB
2025-11-09 21:40:44 info: Java version installed on machine : 
java version "25" 2025-09-16 LTS
Java(TM) SE Runtime Environment (build 25+37-LTS-3491)
Java HotSpot(TM) 64-Bit Server VM (build 25+37-LTS-3491, mixed mode, sharing)

2025-11-09 21:40:44 info: Java installed on machine.
2025-11-09 21:40:45 info: Embold extension version response:{"hasSupport":false,"version":"0.2.1","changeNotes":"<div> <p>Release Date: 30 Apr, 2025 <br><span>Bug fixes and improvements.</span></p> </div>"}
2025-11-09 21:40:45 info: Current installed embold extension version : 0.3.1
2025-11-09 21:40:45 info: Latest embold extension version on marketplace : 0.2.1
2025-11-09 21:40:45 info: Current extension version: 0.3.1
2025-11-09 21:40:45 info: Stored extension version: 0.3.1
2025-11-09 21:40:45 info: No new installation or upgrade detected. Skipping plugin activation tracking.
2025-11-09 21:41:08 info: Row(s) deleted
2025-11-09 21:41:08 info: Row(s) deleted
2025-11-09 21:41:08 info: Row(s) deleted
2025-11-09 21:41:08 info: Row(s) deleted
2025-11-09 21:41:08 info: Row(s) deleted
2025-11-09 21:41:08 info: Row(s) deleted
2025-11-09 21:41:08 info: Row(s) deleted
2025-11-09 21:41:08 info: Row(s) deleted
2025-11-09 21:41:08 info: Row(s) deleted
2025-11-09 21:41:08 info: Row(s) deleted
2025-11-09 21:41:08 info: Row(s) deleted
2025-11-09 21:41:08 info: Row(s) deleted
2025-11-09 22:05:26 info: Row(s) deleted
2025-11-09 22:05:50 info: Row(s) deleted
